house_agent              Trying to use intention PersonDetectionIntention to achieve goal #0_PersonDetectionGoal
house_agent              Trying to use intention BrightnessSensingIntention to achieve goal #1_BrightnessSensingGoal
house_agent              Trying to use intention LightControlIntention to achieve goal #2_LightControlGoal
house_agent              Trying to use intention TelevisionControlIntention to achieve goal #3_TelevisionControlGoal
house_agent              Trying to use intention ShutterControlIntention to achieve goal #4_ShutterControlGoal
house_agent              Trying to use intention GarageDoorControlIntention to achieve goal #5_GarageDoorControlGoal
house_agent              Trying to use intention SolarPanelMonitorIntention to achieve goal #6_SolarPanelMonitorGoal
house_agent              Trying to use intention EnergyMonitorIntention to achieve goal #7_EnergyMonitorGoal
house_agent>LightControlIntention#2              lights turned on in room main_bathroom
0:01:00 house_agent>EnergyMonitorIntention#7             electricity consumption: 10
0:02:00 house_agent>EnergyMonitorIntention#7             electricity consumption: 20
0:03:00 house_agent>EnergyMonitorIntention#7             electricity consumption: 30
0:04:00 house_agent>EnergyMonitorIntention#7             electricity consumption: 40
0:05:00 house_agent>EnergyMonitorIntention#7             electricity consumption: 50
0:06:00 house_agent>EnergyMonitorIntention#7             electricity consumption: 60
0:07:00 house_agent>ShutterControlIntention#4            shutter kitchen up
house_agent>ShutterControlIntention#4            shutter kitchen up
house_agent>ShutterControlIntention#4            shutter living_room up
house_agent>ShutterControlIntention#4            shutter living_room up
house_agent>ShutterControlIntention#4            shutter garage up
house_agent>ShutterControlIntention#4            shutter main_bathroom up
house_agent>ShutterControlIntention#4            shutter garden up
house_agent>ShutterControlIntention#4            shutter stairs up
house_agent>ShutterControlIntention#4            shutter bedroom1 up
house_agent>ShutterControlIntention#4            shutter bedroom1 up
house_agent>ShutterControlIntention#4            shutter bedroom2 up
house_agent>ShutterControlIntention#4            shutter bedroom3 up
house_agent>ShutterControlIntention#4            shutter secondary_bathroom up
house_agent>EnergyMonitorIntention#7             electricity consumption: 70
house_agent>PersonDetectionIntention#0           luca moved into living_room
house_agent>LightControlIntention#2              lights turned off in room main_bathroom
house_agent>LightControlIntention#2              lights turned on in room living_room
house_agent>TelevisionControlIntention#3         television on, channel News24
0:08:00 house_agent>BrightnessSensingIntention#1         brightness kitchen high
house_agent>BrightnessSensingIntention#1         brightness living_room high
house_agent>BrightnessSensingIntention#1         brightness garage high
house_agent>BrightnessSensingIntention#1         brightness main_bathroom high
house_agent>BrightnessSensingIntention#1         brightness garden high
house_agent>BrightnessSensingIntention#1         brightness stairs high
house_agent>BrightnessSensingIntention#1         brightness bedroom1 high
house_agent>BrightnessSensingIntention#1         brightness bedroom2 high
house_agent>BrightnessSensingIntention#1         brightness bedroom3 high
house_agent>BrightnessSensingIntention#1         brightness secondary_bathroom high
house_agent>BrightnessSensingIntention#1         brightness corridor high
house_agent>EnergyMonitorIntention#7             electricity consumption: 130
house_agent>SolarPanelMonitorIntention#6         solar_panel active
house_agent>LightControlIntention#2              lights turned off in room living_room
0:08:30 house_agent>PersonDetectionIntention#0           luca moved into kitchen
house_agent>TelevisionControlIntention#3         television off
house_agent>TelevisionControlIntention#3         television lights off
0:09:00 house_agent>EnergyMonitorIntention#7             electricity consumption: -4845
0:10:00 house_agent>EnergyMonitorIntention#7             electricity consumption: -9845
0:11:00 house_agent>EnergyMonitorIntention#7             electricity consumption: -14845
0:12:00 house_agent>EnergyMonitorIntention#7             electricity consumption: -19845
0:13:00 house_agent>EnergyMonitorIntention#7             electricity consumption: -24845
0:14:00 house_agent>EnergyMonitorIntention#7             electricity consumption: -29845
0:15:00 house_agent>EnergyMonitorIntention#7             electricity consumption: -34845
0:16:00 house_agent>EnergyMonitorIntention#7             electricity consumption: -39845
0:17:00 house_agent>EnergyMonitorIntention#7             electricity consumption: -44845
0:18:00 house_agent>EnergyMonitorIntention#7             electricity consumption: -49845
house_agent>SolarPanelMonitorIntention#6         solar_panel inactive
0:19:00 house_agent>BrightnessSensingIntention#1         brightness kitchen low
house_agent>BrightnessSensingIntention#1         brightness living_room low
house_agent>BrightnessSensingIntention#1         brightness garage low
house_agent>BrightnessSensingIntention#1         brightness main_bathroom low
house_agent>BrightnessSensingIntention#1         brightness garden low
house_agent>BrightnessSensingIntention#1         brightness stairs low
house_agent>BrightnessSensingIntention#1         brightness bedroom1 low
house_agent>BrightnessSensingIntention#1         brightness bedroom2 low
house_agent>BrightnessSensingIntention#1         brightness bedroom3 low
house_agent>BrightnessSensingIntention#1         brightness secondary_bathroom low
house_agent>BrightnessSensingIntention#1         brightness corridor low
house_agent>EnergyMonitorIntention#7             electricity consumption: -49845
house_agent>LightControlIntention#2              lights turned on in room kitchen
0:20:00 house_agent>EnergyMonitorIntention#7             electricity consumption: -49835
house_agent>PersonDetectionIntention#0           luca moved into living_room
house_agent>LightControlIntention#2              lights turned off in room kitchen
house_agent>LightControlIntention#2              lights turned on in room living_room
house_agent>TelevisionControlIntention#3         television on, channel News24
house_agent>TelevisionControlIntention#3         television lights on
0:21:00 house_agent>ShutterControlIntention#4            shutter kitchen down
house_agent>ShutterControlIntention#4            shutter kitchen down
house_agent>ShutterControlIntention#4            shutter living_room down
house_agent>ShutterControlIntention#4            shutter living_room down
house_agent>ShutterControlIntention#4            shutter garage down
house_agent>ShutterControlIntention#4            shutter main_bathroom down
house_agent>ShutterControlIntention#4            shutter garden down
house_agent>ShutterControlIntention#4            shutter stairs down
house_agent>ShutterControlIntention#4            shutter bedroom1 down
house_agent>ShutterControlIntention#4            shutter bedroom1 down
house_agent>ShutterControlIntention#4            shutter bedroom2 down
house_agent>ShutterControlIntention#4            shutter bedroom3 down
house_agent>ShutterControlIntention#4            shutter secondary_bathroom down
house_agent>GarageDoorControlIntention#5         closing garage_door
house_agent>EnergyMonitorIntention#7             electricity consumption: -49765
0:22:00 house_agent>EnergyMonitorIntention#7             electricity consumption: -49695
0:23:00 house_agent>EnergyMonitorIntention#7             electricity consumption: -49625
house_agent>PersonDetectionIntention#0           luca moved into main_bathroom
house_agent>LightControlIntention#2              lights turned off in room living_room
house_agent>TelevisionControlIntention#3         television off
house_agent>TelevisionControlIntention#3         television lights off
house_agent>LightControlIntention#2              lights turned on in room main_bathroom
1:00:00 house_agent>EnergyMonitorIntention#7             electricity consumption: -49615
1:01:00 house_agent>EnergyMonitorIntention#7             electricity consumption: -49605
1:02:00 house_agent>EnergyMonitorIntention#7             electricity consumption: -49595
1:03:00 house_agent>EnergyMonitorIntention#7             electricity consumption: -49585
1:04:00 house_agent>EnergyMonitorIntention#7             electricity consumption: -49575
1:05:00 house_agent>EnergyMonitorIntention#7             electricity consumption: -49565
1:06:00 house_agent>EnergyMonitorIntention#7             electricity consumption: -49555
1:07:00 house_agent>ShutterControlIntention#4            shutter kitchen up
house_agent>ShutterControlIntention#4            shutter kitchen up
house_agent>ShutterControlIntention#4            shutter living_room up
house_agent>ShutterControlIntention#4            shutter living_room up
house_agent>ShutterControlIntention#4            shutter garage up
house_agent>ShutterControlIntention#4            shutter main_bathroom up
house_agent>ShutterControlIntention#4            shutter garden up
house_agent>ShutterControlIntention#4            shutter stairs up
house_agent>ShutterControlIntention#4            shutter bedroom1 up
house_agent>ShutterControlIntention#4            shutter bedroom1 up
house_agent>ShutterControlIntention#4            shutter bedroom2 up
house_agent>ShutterControlIntention#4            shutter bedroom3 up
house_agent>ShutterControlIntention#4            shutter secondary_bathroom up
house_agent>EnergyMonitorIntention#7             electricity consumption: -49545
house_agent>PersonDetectionIntention#0           luca moved into living_room
house_agent>LightControlIntention#2              lights turned off in room main_bathroom
house_agent>LightControlIntention#2              lights turned on in room living_room
house_agent>TelevisionControlIntention#3         television on, channel News24
1:08:00 house_agent>BrightnessSensingIntention#1         brightness kitchen high
house_agent>BrightnessSensingIntention#1         brightness living_room high
house_agent>BrightnessSensingIntention#1         brightness garage high
house_agent>BrightnessSensingIntention#1         brightness main_bathroom high
house_agent>BrightnessSensingIntention#1         brightness garden high
house_agent>BrightnessSensingIntention#1         brightness stairs high
house_agent>BrightnessSensingIntention#1         brightness bedroom1 high
house_agent>BrightnessSensingIntention#1         brightness bedroom2 high
house_agent>BrightnessSensingIntention#1         brightness bedroom3 high
house_agent>BrightnessSensingIntention#1         brightness secondary_bathroom high
house_agent>BrightnessSensingIntention#1         brightness corridor high
house_agent>EnergyMonitorIntention#7             electricity consumption: -49485
house_agent>SolarPanelMonitorIntention#6         solar_panel active
house_agent>LightControlIntention#2              lights turned off in room living_room
1:08:30 house_agent>PersonDetectionIntention#0           luca moved into kitchen
house_agent>TelevisionControlIntention#3         television off
house_agent>TelevisionControlIntention#3         television lights off
1:09:00 house_agent>EnergyMonitorIntention#7             electricity consumption: -54460
1:10:00 house_agent>EnergyMonitorIntention#7             electricity consumption: -59460
1:11:00 house_agent>EnergyMonitorIntention#7             electricity consumption: -64460
1:12:00 house_agent>EnergyMonitorIntention#7             electricity consumption: -69460
1:13:00 house_agent>EnergyMonitorIntention#7             electricity consumption: -74460
1:14:00 house_agent>EnergyMonitorIntention#7             electricity consumption: -79460
1:15:00 house_agent>EnergyMonitorIntention#7             electricity consumption: -84460
1:16:00 house_agent>EnergyMonitorIntention#7             electricity consumption: -89460
1:17:00 house_agent>EnergyMonitorIntention#7             electricity consumption: -94460
1:18:00 house_agent>EnergyMonitorIntention#7             electricity consumption: -99460
house_agent>SolarPanelMonitorIntention#6         solar_panel inactive
1:19:00 house_agent>BrightnessSensingIntention#1         brightness kitchen low
house_agent>BrightnessSensingIntention#1         brightness living_room low
house_agent>BrightnessSensingIntention#1         brightness garage low
house_agent>BrightnessSensingIntention#1         brightness main_bathroom low
house_agent>BrightnessSensingIntention#1         brightness garden low
house_agent>BrightnessSensingIntention#1         brightness stairs low
house_agent>BrightnessSensingIntention#1         brightness bedroom1 low
house_agent>BrightnessSensingIntention#1         brightness bedroom2 low
house_agent>BrightnessSensingIntention#1         brightness bedroom3 low
house_agent>BrightnessSensingIntention#1         brightness secondary_bathroom low
house_agent>BrightnessSensingIntention#1         brightness corridor low
house_agent>EnergyMonitorIntention#7             electricity consumption: -99460
house_agent>LightControlIntention#2              lights turned on in room kitchen
1:20:00 house_agent>EnergyMonitorIntention#7             electricity consumption: -99450
house_agent>PersonDetectionIntention#0           luca moved into living_room
house_agent>LightControlIntention#2              lights turned off in room kitchen
house_agent>LightControlIntention#2              lights turned on in room living_room
house_agent>TelevisionControlIntention#3         television on, channel News24
house_agent>TelevisionControlIntention#3         television lights on
1:21:00 house_agent>ShutterControlIntention#4            shutter kitchen down
house_agent>ShutterControlIntention#4            shutter kitchen down
house_agent>ShutterControlIntention#4            shutter living_room down
house_agent>ShutterControlIntention#4            shutter living_room down
house_agent>ShutterControlIntention#4            shutter garage down
house_agent>ShutterControlIntention#4            shutter main_bathroom down
house_agent>ShutterControlIntention#4            shutter garden down
house_agent>ShutterControlIntention#4            shutter stairs down
house_agent>ShutterControlIntention#4            shutter bedroom1 down
house_agent>ShutterControlIntention#4            shutter bedroom1 down
house_agent>ShutterControlIntention#4            shutter bedroom2 down
house_agent>ShutterControlIntention#4            shutter bedroom3 down
house_agent>ShutterControlIntention#4            shutter secondary_bathroom down
house_agent>EnergyMonitorIntention#7             electricity consumption: -99380
1:22:00 house_agent>EnergyMonitorIntention#7             electricity consumption: -99310
1:23:00 house_agent>EnergyMonitorIntention#7             electricity consumption: -99240
house_agent>PersonDetectionIntention#0           luca moved into main_bathroom
house_agent>LightControlIntention#2              lights turned off in room living_room
house_agent>TelevisionControlIntention#3         television off
house_agent>TelevisionControlIntention#3         television lights off
house_agent>LightControlIntention#2              lights turned on in room main_bathroom
2:00:00 house_agent>EnergyMonitorIntention#7             electricity consumption: -99230